22-Oct-2019 15:44:17.661 信息 [main] org.apache.catalina.startup.VersionLoggerListener.log Server version:        Apache Tomcat/@VERSION@
22-Oct-2019 15:44:17.676 信息 [main] org.apache.catalina.startup.VersionLoggerListener.log Server built:          @VERSION_BUILT@
22-Oct-2019 15:44:17.676 信息 [main] org.apache.catalina.startup.VersionLoggerListener.log Server number:         @VERSION_NUMBER@
22-Oct-2019 15:44:17.676 信息 [main] org.apache.catalina.startup.VersionLoggerListener.log OS Name:               Windows 10
22-Oct-2019 15:44:17.676 信息 [main] org.apache.catalina.startup.VersionLoggerListener.log OS Version:            10.0
22-Oct-2019 15:44:17.676 信息 [main] org.apache.catalina.startup.VersionLoggerListener.log Architecture:          amd64
22-Oct-2019 15:44:17.676 信息 [main] org.apache.catalina.startup.VersionLoggerListener.log Java Home:             C:\Program Files\Java\jdk1.8.0_151\jre
22-Oct-2019 15:44:17.677 信息 [main] org.apache.catalina.startup.VersionLoggerListener.log JVM Version:           1.8.0_151-b12
22-Oct-2019 15:44:17.677 信息 [main] org.apache.catalina.startup.VersionLoggerListener.log JVM Vendor:            Oracle Corporation
22-Oct-2019 15:44:17.677 信息 [main] org.apache.catalina.startup.VersionLoggerListener.log CATALINA_BASE:         E:\HR-code\20190116\2019-8-9-test\apache-tomcat-8\catalina-home
22-Oct-2019 15:44:17.677 信息 [main] org.apache.catalina.startup.VersionLoggerListener.log CATALINA_HOME:         E:\HR-code\20190116\2019-8-9-test\apache-tomcat-8\catalina-home
22-Oct-2019 15:44:17.678 信息 [main] org.apache.catalina.startup.VersionLoggerListener.log Command line argument: -Dcatalina.home=catalina-home
22-Oct-2019 15:44:17.678 信息 [main] org.apache.catalina.startup.VersionLoggerListener.log Command line argument: -Dcatalina.base=catalina-home
22-Oct-2019 15:44:17.678 信息 [main] org.apache.catalina.startup.VersionLoggerListener.log Command line argument: -Djava.endorsed.dirs=catalina-home/endorsed
22-Oct-2019 15:44:17.678 信息 [main] org.apache.catalina.startup.VersionLoggerListener.log Command line argument: -Djava.io.tmpdir=catalina-home/temp
22-Oct-2019 15:44:17.678 信息 [main] org.apache.catalina.startup.VersionLoggerListener.log Command line argument: -Djava.util.logging.manager=org.apache.juli.ClassLoaderLogManager
22-Oct-2019 15:44:17.678 信息 [main] org.apache.catalina.startup.VersionLoggerListener.log Command line argument: -Djava.util.logging.config.file=catalina-home/conf/logging.properties
22-Oct-2019 15:44:17.679 信息 [main] org.apache.catalina.startup.VersionLoggerListener.log Command line argument: -javaagent:C:\Program Files\JetBrains\IntelliJ IDEA 2019.1.3\lib\idea_rt.jar=64362:C:\Program Files\JetBrains\IntelliJ IDEA 2019.1.3\bin
22-Oct-2019 15:44:17.679 信息 [main] org.apache.catalina.startup.VersionLoggerListener.log Command line argument: -Dfile.encoding=UTF-8
22-Oct-2019 15:44:17.679 信息 [main] org.apache.catalina.core.AprLifecycleListener.lifecycleEvent The APR based Apache Tomcat Native library which allows optimal performance in production environments was not found on the java.library.path: [C:\Program Files\Java\jdk1.8.0_151\bin;C:\Windows\Sun\Java\bin;C:\Windows\system32;C:\Windows;C:\Program Files (x86)\NetSarang\Xftp 6\;C:\Program Files (x86)\NetSarang\Xshell 6\;C:\ProgramData\Oracle\Java\javapath;C:\Windows\system32;C:\Windows;C:\Windows\System32\Wbem;C:\Windows\System32\WindowsPowerShell\v1.0\;C:\Program Files (x86)\Intel\Intel(R) Management Engine Components\DAL;C:\Program Files\Intel\Intel(R) Management Engine Components\DAL;E:\apache-maven-3.5.4\bin;E:\apache-maven-3.5.4\bin;C:\Program Files\TortoiseGit\bin;C:\Program Files\Git\cmd;C:\Program Files\Java\jdk1.8.0_151\bin;C:\Program Files\Java\jdk1.8.0_151\jre\bin;D:\redis\cacert.pem;E:\gradle-4.9\bin;E:\apache-ant-1.10.7\bin;C:\Program Files\nodejs\;C:\Program Files\RabbitMQ Server\rabbitmq_server-3.8.0\sbin;C:\Ruby22\bin;C:\Users\renshuaibing\AppData\Local\Microsoft\WindowsApps;C:\Program Files\nodejs\node_global;C:\Users\renshuaibing\AppData\Roaming\npm;.]
22-Oct-2019 15:44:18.250 信息 [main] org.apache.coyote.AbstractProtocol.init Initializing ProtocolHandler ["http-nio-8080"]
22-Oct-2019 15:44:18.516 信息 [main] org.apache.tomcat.util.net.NioSelectorPool.getSharedSelector Using a shared selector for servlet write/read
22-Oct-2019 15:44:18.619 信息 [main] org.apache.coyote.AbstractProtocol.init Initializing ProtocolHandler ["ajp-nio-8009"]
22-Oct-2019 15:44:18.627 信息 [main] org.apache.tomcat.util.net.NioSelectorPool.getSharedSelector Using a shared selector for servlet write/read
22-Oct-2019 15:44:18.628 信息 [main] org.apache.catalina.startup.Catalina.load Initialization processed in 4322 ms
22-Oct-2019 15:44:18.864 信息 [main] org.apache.catalina.core.StandardService.startInternal Starting service [Catalina]
22-Oct-2019 15:44:18.865 信息 [main] org.apache.catalina.core.StandardEngine.startInternal Starting Servlet Engine: Apache Tomcat/@VERSION@
22-Oct-2019 15:44:18.949 信息 [localhost-startStop-1] org.apache.catalina.startup.HostConfig.deployDirectory Deploying web application directory [E:\HR-code\20190116\2019-8-9-test\apache-tomcat-8\catalina-home\webapps\docs]
22-Oct-2019 15:44:20.987 信息 [localhost-startStop-1] org.apache.jasper.servlet.TldScanner.scanJars At least one JAR was scanned for TLDs yet contained no TLDs. Enable debug logging for this logger for a complete list of JARs that were scanned but no TLDs were found in them. Skipping unneeded JARs during scanning can improve startup time and JSP compilation time.
22-Oct-2019 15:44:21.223 信息 [localhost-startStop-1] org.apache.catalina.startup.HostConfig.deployDirectory Deployment of web application directory [E:\HR-code\20190116\2019-8-9-test\apache-tomcat-8\catalina-home\webapps\docs] has finished in [2,266] ms
22-Oct-2019 15:44:21.224 信息 [localhost-startStop-1] org.apache.catalina.startup.HostConfig.deployDirectory Deploying web application directory [E:\HR-code\20190116\2019-8-9-test\apache-tomcat-8\catalina-home\webapps\examples]
22-Oct-2019 15:44:21.737 信息 [localhost-startStop-1] org.apache.jasper.servlet.TldScanner.scanJars At least one JAR was scanned for TLDs yet contained no TLDs. Enable debug logging for this logger for a complete list of JARs that were scanned but no TLDs were found in them. Skipping unneeded JARs during scanning can improve startup time and JSP compilation time.
22-Oct-2019 15:44:21.764 严重 [localhost-startStop-1] org.apache.catalina.core.StandardContext.startInternal One or more listeners failed to start. Full details will be found in the appropriate container log file
22-Oct-2019 15:44:21.765 严重 [localhost-startStop-1] org.apache.catalina.core.StandardContext.startInternal Context [/examples] startup failed due to previous errors
22-Oct-2019 15:44:21.786 信息 [localhost-startStop-1] org.apache.catalina.startup.HostConfig.deployDirectory Deployment of web application directory [E:\HR-code\20190116\2019-8-9-test\apache-tomcat-8\catalina-home\webapps\examples] has finished in [562] ms
22-Oct-2019 15:44:21.786 信息 [localhost-startStop-1] org.apache.catalina.startup.HostConfig.deployDirectory Deploying web application directory [E:\HR-code\20190116\2019-8-9-test\apache-tomcat-8\catalina-home\webapps\host-manager]
22-Oct-2019 15:44:22.006 信息 [localhost-startStop-1] org.apache.jasper.servlet.TldScanner.scanJars At least one JAR was scanned for TLDs yet contained no TLDs. Enable debug logging for this logger for a complete list of JARs that were scanned but no TLDs were found in them. Skipping unneeded JARs during scanning can improve startup time and JSP compilation time.
22-Oct-2019 15:44:22.067 信息 [localhost-startStop-1] org.apache.catalina.startup.HostConfig.deployDirectory Deployment of web application directory [E:\HR-code\20190116\2019-8-9-test\apache-tomcat-8\catalina-home\webapps\host-manager] has finished in [281] ms
22-Oct-2019 15:44:22.067 信息 [localhost-startStop-1] org.apache.catalina.startup.HostConfig.deployDirectory Deploying web application directory [E:\HR-code\20190116\2019-8-9-test\apache-tomcat-8\catalina-home\webapps\manager]
22-Oct-2019 15:44:22.312 信息 [localhost-startStop-1] org.apache.jasper.servlet.TldScanner.scanJars At least one JAR was scanned for TLDs yet contained no TLDs. Enable debug logging for this logger for a complete list of JARs that were scanned but no TLDs were found in them. Skipping unneeded JARs during scanning can improve startup time and JSP compilation time.
22-Oct-2019 15:44:22.316 信息 [localhost-startStop-1] org.apache.catalina.startup.HostConfig.deployDirectory Deployment of web application directory [E:\HR-code\20190116\2019-8-9-test\apache-tomcat-8\catalina-home\webapps\manager] has finished in [249] ms
22-Oct-2019 15:44:22.316 信息 [localhost-startStop-1] org.apache.catalina.startup.HostConfig.deployDirectory Deploying web application directory [E:\HR-code\20190116\2019-8-9-test\apache-tomcat-8\catalina-home\webapps\ROOT]
22-Oct-2019 15:44:22.450 信息 [localhost-startStop-1] org.apache.jasper.servlet.TldScanner.scanJars At least one JAR was scanned for TLDs yet contained no TLDs. Enable debug logging for this logger for a complete list of JARs that were scanned but no TLDs were found in them. Skipping unneeded JARs during scanning can improve startup time and JSP compilation time.
22-Oct-2019 15:44:22.452 信息 [localhost-startStop-1] org.apache.catalina.startup.HostConfig.deployDirectory Deployment of web application directory [E:\HR-code\20190116\2019-8-9-test\apache-tomcat-8\catalina-home\webapps\ROOT] has finished in [136] ms
22-Oct-2019 15:44:22.474 信息 [main] org.apache.coyote.AbstractProtocol.start Starting ProtocolHandler ["http-nio-8080"]
22-Oct-2019 15:44:22.537 信息 [main] org.apache.coyote.AbstractProtocol.start Starting ProtocolHandler ["ajp-nio-8009"]
22-Oct-2019 15:44:22.543 信息 [main] org.apache.catalina.startup.Catalina.start Server startup in 3914 ms
