24-Oct-2019 10:32:24.536 信息 [main] org.apache.catalina.startup.VersionLoggerListener.log Server version:        Apache Tomcat/@VERSION@
24-Oct-2019 10:32:24.607 信息 [main] org.apache.catalina.startup.VersionLoggerListener.log Server built:          @VERSION_BUILT@
24-Oct-2019 10:32:24.607 信息 [main] org.apache.catalina.startup.VersionLoggerListener.log Server number:         @VERSION_NUMBER@
24-Oct-2019 10:32:24.609 信息 [main] org.apache.catalina.startup.VersionLoggerListener.log OS Name:               Windows 10
24-Oct-2019 10:32:24.609 信息 [main] org.apache.catalina.startup.VersionLoggerListener.log OS Version:            10.0
24-Oct-2019 10:32:24.610 信息 [main] org.apache.catalina.startup.VersionLoggerListener.log Architecture:          amd64
24-Oct-2019 10:32:24.610 信息 [main] org.apache.catalina.startup.VersionLoggerListener.log Java Home:             C:\Program Files\Java\jdk1.8.0_151\jre
24-Oct-2019 10:32:24.610 信息 [main] org.apache.catalina.startup.VersionLoggerListener.log JVM Version:           1.8.0_151-b12
24-Oct-2019 10:32:24.610 信息 [main] org.apache.catalina.startup.VersionLoggerListener.log JVM Vendor:            Oracle Corporation
24-Oct-2019 10:32:24.610 信息 [main] org.apache.catalina.startup.VersionLoggerListener.log CATALINA_BASE:         E:\HR-code\20190116\2019-8-9-test\apache-tomcat-8\catalina-home
24-Oct-2019 10:32:24.610 信息 [main] org.apache.catalina.startup.VersionLoggerListener.log CATALINA_HOME:         E:\HR-code\20190116\2019-8-9-test\apache-tomcat-8\catalina-home
24-Oct-2019 10:32:24.611 信息 [main] org.apache.catalina.startup.VersionLoggerListener.log Command line argument: -Dcatalina.home=catalina-home
24-Oct-2019 10:32:24.611 信息 [main] org.apache.catalina.startup.VersionLoggerListener.log Command line argument: -Dcatalina.base=catalina-home
24-Oct-2019 10:32:24.611 信息 [main] org.apache.catalina.startup.VersionLoggerListener.log Command line argument: -Djava.endorsed.dirs=catalina-home/endorsed
24-Oct-2019 10:32:24.612 信息 [main] org.apache.catalina.startup.VersionLoggerListener.log Command line argument: -Djava.io.tmpdir=catalina-home/temp
24-Oct-2019 10:32:24.612 信息 [main] org.apache.catalina.startup.VersionLoggerListener.log Command line argument: -Djava.util.logging.manager=org.apache.juli.ClassLoaderLogManager
24-Oct-2019 10:32:24.612 信息 [main] org.apache.catalina.startup.VersionLoggerListener.log Command line argument: -Djava.util.logging.config.file=catalina-home/conf/logging.properties
24-Oct-2019 10:32:24.613 信息 [main] org.apache.catalina.startup.VersionLoggerListener.log Command line argument: -javaagent:C:\Program Files\JetBrains\IntelliJ IDEA 2019.1.3\lib\idea_rt.jar=62214:C:\Program Files\JetBrains\IntelliJ IDEA 2019.1.3\bin
24-Oct-2019 10:32:24.613 信息 [main] org.apache.catalina.startup.VersionLoggerListener.log Command line argument: -Dfile.encoding=UTF-8
24-Oct-2019 10:32:24.614 信息 [main] org.apache.catalina.core.AprLifecycleListener.lifecycleEvent The APR based Apache Tomcat Native library which allows optimal performance in production environments was not found on the java.library.path: [C:\Program Files\Java\jdk1.8.0_151\bin;C:\Windows\Sun\Java\bin;C:\Windows\system32;C:\Windows;C:\Program Files (x86)\NetSarang\Xftp 6\;C:\Program Files (x86)\NetSarang\Xshell 6\;C:\ProgramData\Oracle\Java\javapath;C:\Windows\system32;C:\Windows;C:\Windows\System32\Wbem;C:\Windows\System32\WindowsPowerShell\v1.0\;C:\Program Files (x86)\Intel\Intel(R) Management Engine Components\DAL;C:\Program Files\Intel\Intel(R) Management Engine Components\DAL;E:\apache-maven-3.5.4\bin;E:\apache-maven-3.5.4\bin;C:\Program Files\TortoiseGit\bin;C:\Program Files\Git\cmd;C:\Program Files\Java\jdk1.8.0_151\bin;C:\Program Files\Java\jdk1.8.0_151\jre\bin;D:\redis\cacert.pem;E:\gradle-4.9\bin;E:\apache-ant-1.10.7\bin;C:\Program Files\nodejs\;C:\Program Files\RabbitMQ Server\rabbitmq_server-3.8.0\sbin;C:\Ruby22\bin;C:\Users\renshuaibing\AppData\Local\Microsoft\WindowsApps;C:\Program Files\nodejs\node_global;C:\Users\renshuaibing\AppData\Roaming\npm;.]
24-Oct-2019 10:32:25.713 信息 [main] org.apache.coyote.AbstractProtocol.init Initializing ProtocolHandler ["http-nio-8080"]
24-Oct-2019 10:32:26.199 信息 [main] org.apache.tomcat.util.net.NioSelectorPool.getSharedSelector Using a shared selector for servlet write/read
24-Oct-2019 10:32:26.279 信息 [main] org.apache.coyote.AbstractProtocol.init Initializing ProtocolHandler ["ajp-nio-8009"]
24-Oct-2019 10:32:26.283 信息 [main] org.apache.tomcat.util.net.NioSelectorPool.getSharedSelector Using a shared selector for servlet write/read
24-Oct-2019 10:32:26.284 信息 [main] org.apache.catalina.startup.Catalina.load Initialization processed in 8761 ms
24-Oct-2019 10:32:26.748 信息 [main] org.apache.catalina.core.StandardService.startInternal Starting service [Catalina]
24-Oct-2019 10:32:26.749 信息 [main] org.apache.catalina.core.StandardEngine.startInternal Starting Servlet Engine: Apache Tomcat/@VERSION@
24-Oct-2019 10:32:26.831 信息 [localhost-startStop-1] org.apache.catalina.startup.HostConfig.deployDirectory Deploying web application directory [E:\HR-code\20190116\2019-8-9-test\apache-tomcat-8\catalina-home\webapps\docs]
24-Oct-2019 10:32:29.731 信息 [localhost-startStop-1] org.apache.jasper.servlet.TldScanner.scanJars At least one JAR was scanned for TLDs yet contained no TLDs. Enable debug logging for this logger for a complete list of JARs that were scanned but no TLDs were found in them. Skipping unneeded JARs during scanning can improve startup time and JSP compilation time.
24-Oct-2019 10:32:30.155 信息 [localhost-startStop-1] org.apache.catalina.startup.HostConfig.deployDirectory Deployment of web application directory [E:\HR-code\20190116\2019-8-9-test\apache-tomcat-8\catalina-home\webapps\docs] has finished in [3,322] ms
24-Oct-2019 10:32:30.155 信息 [localhost-startStop-1] org.apache.catalina.startup.HostConfig.deployDirectory Deploying web application directory [E:\HR-code\20190116\2019-8-9-test\apache-tomcat-8\catalina-home\webapps\examples]
24-Oct-2019 10:32:30.926 信息 [localhost-startStop-1] org.apache.jasper.servlet.TldScanner.scanJars At least one JAR was scanned for TLDs yet contained no TLDs. Enable debug logging for this logger for a complete list of JARs that were scanned but no TLDs were found in them. Skipping unneeded JARs during scanning can improve startup time and JSP compilation time.
24-Oct-2019 10:32:30.980 严重 [localhost-startStop-1] org.apache.catalina.core.StandardContext.startInternal One or more listeners failed to start. Full details will be found in the appropriate container log file
24-Oct-2019 10:32:30.982 严重 [localhost-startStop-1] org.apache.catalina.core.StandardContext.startInternal Context [/examples] startup failed due to previous errors
24-Oct-2019 10:32:31.022 信息 [localhost-startStop-1] org.apache.catalina.startup.HostConfig.deployDirectory Deployment of web application directory [E:\HR-code\20190116\2019-8-9-test\apache-tomcat-8\catalina-home\webapps\examples] has finished in [867] ms
24-Oct-2019 10:32:31.022 信息 [localhost-startStop-1] org.apache.catalina.startup.HostConfig.deployDirectory Deploying web application directory [E:\HR-code\20190116\2019-8-9-test\apache-tomcat-8\catalina-home\webapps\host-manager]
24-Oct-2019 10:32:31.459 信息 [localhost-startStop-1] org.apache.jasper.servlet.TldScanner.scanJars At least one JAR was scanned for TLDs yet contained no TLDs. Enable debug logging for this logger for a complete list of JARs that were scanned but no TLDs were found in them. Skipping unneeded JARs during scanning can improve startup time and JSP compilation time.
24-Oct-2019 10:32:31.590 信息 [localhost-startStop-1] org.apache.catalina.startup.HostConfig.deployDirectory Deployment of web application directory [E:\HR-code\20190116\2019-8-9-test\apache-tomcat-8\catalina-home\webapps\host-manager] has finished in [567] ms
24-Oct-2019 10:32:31.590 信息 [localhost-startStop-1] org.apache.catalina.startup.HostConfig.deployDirectory Deploying web application directory [E:\HR-code\20190116\2019-8-9-test\apache-tomcat-8\catalina-home\webapps\manager]
24-Oct-2019 10:32:31.929 信息 [localhost-startStop-1] org.apache.jasper.servlet.TldScanner.scanJars At least one JAR was scanned for TLDs yet contained no TLDs. Enable debug logging for this logger for a complete list of JARs that were scanned but no TLDs were found in them. Skipping unneeded JARs during scanning can improve startup time and JSP compilation time.
24-Oct-2019 10:32:31.933 信息 [localhost-startStop-1] org.apache.catalina.startup.HostConfig.deployDirectory Deployment of web application directory [E:\HR-code\20190116\2019-8-9-test\apache-tomcat-8\catalina-home\webapps\manager] has finished in [343] ms
24-Oct-2019 10:32:31.933 信息 [localhost-startStop-1] org.apache.catalina.startup.HostConfig.deployDirectory Deploying web application directory [E:\HR-code\20190116\2019-8-9-test\apache-tomcat-8\catalina-home\webapps\ROOT]
24-Oct-2019 10:32:32.181 信息 [localhost-startStop-1] org.apache.jasper.servlet.TldScanner.scanJars At least one JAR was scanned for TLDs yet contained no TLDs. Enable debug logging for this logger for a complete list of JARs that were scanned but no TLDs were found in them. Skipping unneeded JARs during scanning can improve startup time and JSP compilation time.
24-Oct-2019 10:32:32.191 信息 [localhost-startStop-1] org.apache.catalina.startup.HostConfig.deployDirectory Deployment of web application directory [E:\HR-code\20190116\2019-8-9-test\apache-tomcat-8\catalina-home\webapps\ROOT] has finished in [258] ms
24-Oct-2019 10:32:32.216 信息 [main] org.apache.coyote.AbstractProtocol.start Starting ProtocolHandler ["http-nio-8080"]
24-Oct-2019 10:32:32.330 信息 [main] org.apache.coyote.AbstractProtocol.start Starting ProtocolHandler ["ajp-nio-8009"]
24-Oct-2019 10:32:32.343 信息 [main] org.apache.catalina.startup.Catalina.start Server startup in 6058 ms
24-Oct-2019 11:39:11.021 信息 [main] org.apache.catalina.startup.VersionLoggerListener.log Server version:        Apache Tomcat/@VERSION@
24-Oct-2019 11:39:11.061 信息 [main] org.apache.catalina.startup.VersionLoggerListener.log Server built:          @VERSION_BUILT@
24-Oct-2019 11:39:11.061 信息 [main] org.apache.catalina.startup.VersionLoggerListener.log Server number:         @VERSION_NUMBER@
24-Oct-2019 11:39:11.061 信息 [main] org.apache.catalina.startup.VersionLoggerListener.log OS Name:               Windows 10
24-Oct-2019 11:39:11.061 信息 [main] org.apache.catalina.startup.VersionLoggerListener.log OS Version:            10.0
24-Oct-2019 11:39:11.062 信息 [main] org.apache.catalina.startup.VersionLoggerListener.log Architecture:          amd64
24-Oct-2019 11:39:11.062 信息 [main] org.apache.catalina.startup.VersionLoggerListener.log Java Home:             C:\Program Files\Java\jdk1.8.0_151\jre
24-Oct-2019 11:39:11.062 信息 [main] org.apache.catalina.startup.VersionLoggerListener.log JVM Version:           1.8.0_151-b12
24-Oct-2019 11:39:11.063 信息 [main] org.apache.catalina.startup.VersionLoggerListener.log JVM Vendor:            Oracle Corporation
24-Oct-2019 11:39:11.063 信息 [main] org.apache.catalina.startup.VersionLoggerListener.log CATALINA_BASE:         E:\HR-code\20190116\2019-8-9-test\apache-tomcat-8\catalina-home
24-Oct-2019 11:39:11.063 信息 [main] org.apache.catalina.startup.VersionLoggerListener.log CATALINA_HOME:         E:\HR-code\20190116\2019-8-9-test\apache-tomcat-8\catalina-home
24-Oct-2019 11:39:11.063 信息 [main] org.apache.catalina.startup.VersionLoggerListener.log Command line argument: -Dcatalina.home=catalina-home
24-Oct-2019 11:39:11.063 信息 [main] org.apache.catalina.startup.VersionLoggerListener.log Command line argument: -Dcatalina.base=catalina-home
24-Oct-2019 11:39:11.063 信息 [main] org.apache.catalina.startup.VersionLoggerListener.log Command line argument: -Djava.endorsed.dirs=catalina-home/endorsed
24-Oct-2019 11:39:11.063 信息 [main] org.apache.catalina.startup.VersionLoggerListener.log Command line argument: -Djava.io.tmpdir=catalina-home/temp
24-Oct-2019 11:39:11.064 信息 [main] org.apache.catalina.startup.VersionLoggerListener.log Command line argument: -Djava.util.logging.manager=org.apache.juli.ClassLoaderLogManager
24-Oct-2019 11:39:11.064 信息 [main] org.apache.catalina.startup.VersionLoggerListener.log Command line argument: -Djava.util.logging.config.file=catalina-home/conf/logging.properties
24-Oct-2019 11:39:11.064 信息 [main] org.apache.catalina.startup.VersionLoggerListener.log Command line argument: -javaagent:C:\Program Files\JetBrains\IntelliJ IDEA 2019.1.3\lib\idea_rt.jar=52602:C:\Program Files\JetBrains\IntelliJ IDEA 2019.1.3\bin
24-Oct-2019 11:39:11.064 信息 [main] org.apache.catalina.startup.VersionLoggerListener.log Command line argument: -Dfile.encoding=UTF-8
24-Oct-2019 11:39:11.064 信息 [main] org.apache.catalina.core.AprLifecycleListener.lifecycleEvent The APR based Apache Tomcat Native library which allows optimal performance in production environments was not found on the java.library.path: [C:\Program Files\Java\jdk1.8.0_151\bin;C:\Windows\Sun\Java\bin;C:\Windows\system32;C:\Windows;C:\Program Files (x86)\NetSarang\Xftp 6\;C:\Program Files (x86)\NetSarang\Xshell 6\;C:\ProgramData\Oracle\Java\javapath;C:\Windows\system32;C:\Windows;C:\Windows\System32\Wbem;C:\Windows\System32\WindowsPowerShell\v1.0\;C:\Program Files (x86)\Intel\Intel(R) Management Engine Components\DAL;C:\Program Files\Intel\Intel(R) Management Engine Components\DAL;E:\apache-maven-3.5.4\bin;E:\apache-maven-3.5.4\bin;C:\Program Files\TortoiseGit\bin;C:\Program Files\Git\cmd;C:\Program Files\Java\jdk1.8.0_151\bin;C:\Program Files\Java\jdk1.8.0_151\jre\bin;D:\redis\cacert.pem;E:\gradle-4.9\bin;E:\apache-ant-1.10.7\bin;C:\Program Files\nodejs\;C:\Program Files\RabbitMQ Server\rabbitmq_server-3.8.0\sbin;C:\Ruby22\bin;C:\Users\renshuaibing\AppData\Local\Microsoft\WindowsApps;C:\Program Files\nodejs\node_global;C:\Users\renshuaibing\AppData\Roaming\npm;.]
24-Oct-2019 11:39:16.388 信息 [main] org.apache.coyote.AbstractProtocol.init Initializing ProtocolHandler ["http-nio-8080"]
24-Oct-2019 11:39:17.000 信息 [main] org.apache.tomcat.util.net.NioSelectorPool.getSharedSelector Using a shared selector for servlet write/read
24-Oct-2019 11:39:17.039 信息 [main] org.apache.coyote.AbstractProtocol.init Initializing ProtocolHandler ["ajp-nio-8009"]
24-Oct-2019 11:39:17.043 信息 [main] org.apache.tomcat.util.net.NioSelectorPool.getSharedSelector Using a shared selector for servlet write/read
24-Oct-2019 11:39:17.044 信息 [main] org.apache.catalina.startup.Catalina.load Initialization processed in 9299 ms
24-Oct-2019 11:39:17.438 信息 [main] org.apache.catalina.core.StandardService.startInternal Starting service [Catalina]
24-Oct-2019 11:39:17.438 信息 [main] org.apache.catalina.core.StandardEngine.startInternal Starting Servlet Engine: Apache Tomcat/@VERSION@
24-Oct-2019 11:39:17.543 信息 [localhost-startStop-1] org.apache.catalina.startup.HostConfig.deployDirectory Deploying web application directory [E:\HR-code\20190116\2019-8-9-test\apache-tomcat-8\catalina-home\webapps\docs]
24-Oct-2019 11:39:20.608 信息 [localhost-startStop-1] org.apache.jasper.servlet.TldScanner.scanJars At least one JAR was scanned for TLDs yet contained no TLDs. Enable debug logging for this logger for a complete list of JARs that were scanned but no TLDs were found in them. Skipping unneeded JARs during scanning can improve startup time and JSP compilation time.
24-Oct-2019 11:39:20.926 信息 [localhost-startStop-1] org.apache.catalina.startup.HostConfig.deployDirectory Deployment of web application directory [E:\HR-code\20190116\2019-8-9-test\apache-tomcat-8\catalina-home\webapps\docs] has finished in [3,374] ms
24-Oct-2019 11:39:20.926 信息 [localhost-startStop-1] org.apache.catalina.startup.HostConfig.deployDirectory Deploying web application directory [E:\HR-code\20190116\2019-8-9-test\apache-tomcat-8\catalina-home\webapps\examples]
24-Oct-2019 11:39:21.898 信息 [localhost-startStop-1] org.apache.jasper.servlet.TldScanner.scanJars At least one JAR was scanned for TLDs yet contained no TLDs. Enable debug logging for this logger for a complete list of JARs that were scanned but no TLDs were found in them. Skipping unneeded JARs during scanning can improve startup time and JSP compilation time.
24-Oct-2019 11:39:22.012 严重 [localhost-startStop-1] org.apache.catalina.core.StandardContext.startInternal One or more listeners failed to start. Full details will be found in the appropriate container log file
24-Oct-2019 11:39:22.013 严重 [localhost-startStop-1] org.apache.catalina.core.StandardContext.startInternal Context [/examples] startup failed due to previous errors
24-Oct-2019 11:39:22.076 信息 [localhost-startStop-1] org.apache.catalina.startup.HostConfig.deployDirectory Deployment of web application directory [E:\HR-code\20190116\2019-8-9-test\apache-tomcat-8\catalina-home\webapps\examples] has finished in [1,150] ms
24-Oct-2019 11:39:22.076 信息 [localhost-startStop-1] org.apache.catalina.startup.HostConfig.deployDirectory Deploying web application directory [E:\HR-code\20190116\2019-8-9-test\apache-tomcat-8\catalina-home\webapps\host-manager]
24-Oct-2019 11:39:22.549 信息 [localhost-startStop-1] org.apache.jasper.servlet.TldScanner.scanJars At least one JAR was scanned for TLDs yet contained no TLDs. Enable debug logging for this logger for a complete list of JARs that were scanned but no TLDs were found in them. Skipping unneeded JARs during scanning can improve startup time and JSP compilation time.
24-Oct-2019 11:39:22.616 信息 [localhost-startStop-1] org.apache.catalina.startup.HostConfig.deployDirectory Deployment of web application directory [E:\HR-code\20190116\2019-8-9-test\apache-tomcat-8\catalina-home\webapps\host-manager] has finished in [539] ms
24-Oct-2019 11:39:22.623 信息 [localhost-startStop-1] org.apache.catalina.startup.HostConfig.deployDirectory Deploying web application directory [E:\HR-code\20190116\2019-8-9-test\apache-tomcat-8\catalina-home\webapps\manager]
24-Oct-2019 11:39:22.996 信息 [localhost-startStop-1] org.apache.jasper.servlet.TldScanner.scanJars At least one JAR was scanned for TLDs yet contained no TLDs. Enable debug logging for this logger for a complete list of JARs that were scanned but no TLDs were found in them. Skipping unneeded JARs during scanning can improve startup time and JSP compilation time.
24-Oct-2019 11:39:23.009 信息 [localhost-startStop-1] org.apache.catalina.startup.HostConfig.deployDirectory Deployment of web application directory [E:\HR-code\20190116\2019-8-9-test\apache-tomcat-8\catalina-home\webapps\manager] has finished in [385] ms
24-Oct-2019 11:39:23.010 信息 [localhost-startStop-1] org.apache.catalina.startup.HostConfig.deployDirectory Deploying web application directory [E:\HR-code\20190116\2019-8-9-test\apache-tomcat-8\catalina-home\webapps\ROOT]
24-Oct-2019 11:39:23.339 信息 [localhost-startStop-1] org.apache.jasper.servlet.TldScanner.scanJars At least one JAR was scanned for TLDs yet contained no TLDs. Enable debug logging for this logger for a complete list of JARs that were scanned but no TLDs were found in them. Skipping unneeded JARs during scanning can improve startup time and JSP compilation time.
24-Oct-2019 11:39:23.348 信息 [localhost-startStop-1] org.apache.catalina.startup.HostConfig.deployDirectory Deployment of web application directory [E:\HR-code\20190116\2019-8-9-test\apache-tomcat-8\catalina-home\webapps\ROOT] has finished in [338] ms
24-Oct-2019 11:39:23.371 信息 [main] org.apache.coyote.AbstractProtocol.start Starting ProtocolHandler ["http-nio-8080"]
24-Oct-2019 11:39:23.488 信息 [main] org.apache.coyote.AbstractProtocol.start Starting ProtocolHandler ["ajp-nio-8009"]
24-Oct-2019 11:39:23.499 信息 [main] org.apache.catalina.startup.Catalina.start Server startup in 6454 ms
24-Oct-2019 11:47:57.254 信息 [main] org.apache.catalina.startup.VersionLoggerListener.log Server version:        Apache Tomcat/@VERSION@
24-Oct-2019 11:47:57.264 信息 [main] org.apache.catalina.startup.VersionLoggerListener.log Server built:          @VERSION_BUILT@
24-Oct-2019 11:47:57.264 信息 [main] org.apache.catalina.startup.VersionLoggerListener.log Server number:         @VERSION_NUMBER@
24-Oct-2019 11:47:57.264 信息 [main] org.apache.catalina.startup.VersionLoggerListener.log OS Name:               Windows 10
24-Oct-2019 11:47:57.264 信息 [main] org.apache.catalina.startup.VersionLoggerListener.log OS Version:            10.0
24-Oct-2019 11:47:57.265 信息 [main] org.apache.catalina.startup.VersionLoggerListener.log Architecture:          amd64
24-Oct-2019 11:47:57.265 信息 [main] org.apache.catalina.startup.VersionLoggerListener.log Java Home:             C:\Program Files\Java\jdk1.8.0_151\jre
24-Oct-2019 11:47:57.265 信息 [main] org.apache.catalina.startup.VersionLoggerListener.log JVM Version:           1.8.0_151-b12
24-Oct-2019 11:47:57.265 信息 [main] org.apache.catalina.startup.VersionLoggerListener.log JVM Vendor:            Oracle Corporation
24-Oct-2019 11:47:57.265 信息 [main] org.apache.catalina.startup.VersionLoggerListener.log CATALINA_BASE:         E:\HR-code\20190116\2019-8-9-test\apache-tomcat-8\catalina-home
24-Oct-2019 11:47:57.265 信息 [main] org.apache.catalina.startup.VersionLoggerListener.log CATALINA_HOME:         E:\HR-code\20190116\2019-8-9-test\apache-tomcat-8\catalina-home
24-Oct-2019 11:47:57.265 信息 [main] org.apache.catalina.startup.VersionLoggerListener.log Command line argument: -Dcatalina.home=catalina-home
24-Oct-2019 11:47:57.266 信息 [main] org.apache.catalina.startup.VersionLoggerListener.log Command line argument: -Dcatalina.base=catalina-home
24-Oct-2019 11:47:57.266 信息 [main] org.apache.catalina.startup.VersionLoggerListener.log Command line argument: -Djava.endorsed.dirs=catalina-home/endorsed
24-Oct-2019 11:47:57.266 信息 [main] org.apache.catalina.startup.VersionLoggerListener.log Command line argument: -Djava.io.tmpdir=catalina-home/temp
24-Oct-2019 11:47:57.266 信息 [main] org.apache.catalina.startup.VersionLoggerListener.log Command line argument: -Djava.util.logging.manager=org.apache.juli.ClassLoaderLogManager
24-Oct-2019 11:47:57.266 信息 [main] org.apache.catalina.startup.VersionLoggerListener.log Command line argument: -Djava.util.logging.config.file=catalina-home/conf/logging.properties
24-Oct-2019 11:47:57.266 信息 [main] org.apache.catalina.startup.VersionLoggerListener.log Command line argument: -javaagent:C:\Program Files\JetBrains\IntelliJ IDEA 2019.1.3\lib\idea_rt.jar=53843:C:\Program Files\JetBrains\IntelliJ IDEA 2019.1.3\bin
24-Oct-2019 11:47:57.266 信息 [main] org.apache.catalina.startup.VersionLoggerListener.log Command line argument: -Dfile.encoding=UTF-8
24-Oct-2019 11:47:57.266 信息 [main] org.apache.catalina.core.AprLifecycleListener.lifecycleEvent The APR based Apache Tomcat Native library which allows optimal performance in production environments was not found on the java.library.path: [C:\Program Files\Java\jdk1.8.0_151\bin;C:\Windows\Sun\Java\bin;C:\Windows\system32;C:\Windows;C:\Program Files (x86)\NetSarang\Xftp 6\;C:\Program Files (x86)\NetSarang\Xshell 6\;C:\ProgramData\Oracle\Java\javapath;C:\Windows\system32;C:\Windows;C:\Windows\System32\Wbem;C:\Windows\System32\WindowsPowerShell\v1.0\;C:\Program Files (x86)\Intel\Intel(R) Management Engine Components\DAL;C:\Program Files\Intel\Intel(R) Management Engine Components\DAL;E:\apache-maven-3.5.4\bin;E:\apache-maven-3.5.4\bin;C:\Program Files\TortoiseGit\bin;C:\Program Files\Git\cmd;C:\Program Files\Java\jdk1.8.0_151\bin;C:\Program Files\Java\jdk1.8.0_151\jre\bin;D:\redis\cacert.pem;E:\gradle-4.9\bin;E:\apache-ant-1.10.7\bin;C:\Program Files\nodejs\;C:\Program Files\RabbitMQ Server\rabbitmq_server-3.8.0\sbin;C:\Ruby22\bin;C:\Users\renshuaibing\AppData\Local\Microsoft\WindowsApps;C:\Program Files\nodejs\node_global;C:\Users\renshuaibing\AppData\Roaming\npm;.]
24-Oct-2019 11:47:58.648 信息 [main] org.apache.coyote.AbstractProtocol.init Initializing ProtocolHandler ["http-nio-8080"]
24-Oct-2019 11:47:59.130 信息 [main] org.apache.tomcat.util.net.NioSelectorPool.getSharedSelector Using a shared selector for servlet write/read
24-Oct-2019 11:47:59.140 信息 [main] org.apache.coyote.AbstractProtocol.init Initializing ProtocolHandler ["ajp-nio-8009"]
24-Oct-2019 11:47:59.144 信息 [main] org.apache.tomcat.util.net.NioSelectorPool.getSharedSelector Using a shared selector for servlet write/read
24-Oct-2019 11:47:59.145 信息 [main] org.apache.catalina.startup.Catalina.load Initialization processed in 3014 ms
24-Oct-2019 11:47:59.244 信息 [main] org.apache.catalina.core.StandardService.startInternal Starting service [Catalina]
24-Oct-2019 11:47:59.244 信息 [main] org.apache.catalina.core.StandardEngine.startInternal Starting Servlet Engine: Apache Tomcat/@VERSION@
24-Oct-2019 11:47:59.284 信息 [localhost-startStop-1] org.apache.catalina.startup.HostConfig.deployDirectory Deploying web application directory [E:\HR-code\20190116\2019-8-9-test\apache-tomcat-8\catalina-home\webapps\docs]
24-Oct-2019 11:48:00.678 信息 [localhost-startStop-1] org.apache.jasper.servlet.TldScanner.scanJars At least one JAR was scanned for TLDs yet contained no TLDs. Enable debug logging for this logger for a complete list of JARs that were scanned but no TLDs were found in them. Skipping unneeded JARs during scanning can improve startup time and JSP compilation time.
24-Oct-2019 11:48:00.743 信息 [localhost-startStop-1] org.apache.catalina.startup.HostConfig.deployDirectory Deployment of web application directory [E:\HR-code\20190116\2019-8-9-test\apache-tomcat-8\catalina-home\webapps\docs] has finished in [1,457] ms
24-Oct-2019 11:48:00.743 信息 [localhost-startStop-1] org.apache.catalina.startup.HostConfig.deployDirectory Deploying web application directory [E:\HR-code\20190116\2019-8-9-test\apache-tomcat-8\catalina-home\webapps\examples]
24-Oct-2019 11:48:01.464 信息 [localhost-startStop-1] org.apache.jasper.servlet.TldScanner.scanJars At least one JAR was scanned for TLDs yet contained no TLDs. Enable debug logging for this logger for a complete list of JARs that were scanned but no TLDs were found in them. Skipping unneeded JARs during scanning can improve startup time and JSP compilation time.
24-Oct-2019 11:48:01.509 严重 [localhost-startStop-1] org.apache.catalina.core.StandardContext.startInternal One or more listeners failed to start. Full details will be found in the appropriate container log file
24-Oct-2019 11:48:01.511 严重 [localhost-startStop-1] org.apache.catalina.core.StandardContext.startInternal Context [/examples] startup failed due to previous errors
24-Oct-2019 11:48:01.526 信息 [localhost-startStop-1] org.apache.catalina.startup.HostConfig.deployDirectory Deployment of web application directory [E:\HR-code\20190116\2019-8-9-test\apache-tomcat-8\catalina-home\webapps\examples] has finished in [783] ms
24-Oct-2019 11:48:01.526 信息 [localhost-startStop-1] org.apache.catalina.startup.HostConfig.deployDirectory Deploying web application directory [E:\HR-code\20190116\2019-8-9-test\apache-tomcat-8\catalina-home\webapps\host-manager]
24-Oct-2019 11:48:01.820 信息 [localhost-startStop-1] org.apache.jasper.servlet.TldScanner.scanJars At least one JAR was scanned for TLDs yet contained no TLDs. Enable debug logging for this logger for a complete list of JARs that were scanned but no TLDs were found in them. Skipping unneeded JARs during scanning can improve startup time and JSP compilation time.
24-Oct-2019 11:48:01.848 信息 [localhost-startStop-1] org.apache.catalina.startup.HostConfig.deployDirectory Deployment of web application directory [E:\HR-code\20190116\2019-8-9-test\apache-tomcat-8\catalina-home\webapps\host-manager] has finished in [322] ms
24-Oct-2019 11:48:01.849 信息 [localhost-startStop-1] org.apache.catalina.startup.HostConfig.deployDirectory Deploying web application directory [E:\HR-code\20190116\2019-8-9-test\apache-tomcat-8\catalina-home\webapps\manager]
24-Oct-2019 11:48:02.211 信息 [localhost-startStop-1] org.apache.jasper.servlet.TldScanner.scanJars At least one JAR was scanned for TLDs yet contained no TLDs. Enable debug logging for this logger for a complete list of JARs that were scanned but no TLDs were found in them. Skipping unneeded JARs during scanning can improve startup time and JSP compilation time.
24-Oct-2019 11:48:02.215 信息 [localhost-startStop-1] org.apache.catalina.startup.HostConfig.deployDirectory Deployment of web application directory [E:\HR-code\20190116\2019-8-9-test\apache-tomcat-8\catalina-home\webapps\manager] has finished in [365] ms
24-Oct-2019 11:48:02.215 信息 [localhost-startStop-1] org.apache.catalina.startup.HostConfig.deployDirectory Deploying web application directory [E:\HR-code\20190116\2019-8-9-test\apache-tomcat-8\catalina-home\webapps\ROOT]
24-Oct-2019 11:48:02.418 信息 [localhost-startStop-1] org.apache.jasper.servlet.TldScanner.scanJars At least one JAR was scanned for TLDs yet contained no TLDs. Enable debug logging for this logger for a complete list of JARs that were scanned but no TLDs were found in them. Skipping unneeded JARs during scanning can improve startup time and JSP compilation time.
24-Oct-2019 11:48:02.422 信息 [localhost-startStop-1] org.apache.catalina.startup.HostConfig.deployDirectory Deployment of web application directory [E:\HR-code\20190116\2019-8-9-test\apache-tomcat-8\catalina-home\webapps\ROOT] has finished in [207] ms
24-Oct-2019 11:48:02.428 信息 [main] org.apache.coyote.AbstractProtocol.start Starting ProtocolHandler ["http-nio-8080"]
24-Oct-2019 11:48:02.449 信息 [main] org.apache.coyote.AbstractProtocol.start Starting ProtocolHandler ["ajp-nio-8009"]
24-Oct-2019 11:48:02.456 信息 [main] org.apache.catalina.startup.Catalina.start Server startup in 3310 ms
