01-Nov-2019 12:16:01.249 信息 [main] org.apache.catalina.startup.VersionLoggerListener.log Server version:        Apache Tomcat/@VERSION@
01-Nov-2019 12:16:01.264 信息 [main] org.apache.catalina.startup.VersionLoggerListener.log Server built:          @VERSION_BUILT@
01-Nov-2019 12:16:01.264 信息 [main] org.apache.catalina.startup.VersionLoggerListener.log Server number:         @VERSION_NUMBER@
01-Nov-2019 12:16:01.264 信息 [main] org.apache.catalina.startup.VersionLoggerListener.log OS Name:               Windows 10
01-Nov-2019 12:16:01.264 信息 [main] org.apache.catalina.startup.VersionLoggerListener.log OS Version:            10.0
01-Nov-2019 12:16:01.264 信息 [main] org.apache.catalina.startup.VersionLoggerListener.log Architecture:          amd64
01-Nov-2019 12:16:01.264 信息 [main] org.apache.catalina.startup.VersionLoggerListener.log Java Home:             C:\Program Files\Java\jdk1.8.0_151\jre
01-Nov-2019 12:16:01.265 信息 [main] org.apache.catalina.startup.VersionLoggerListener.log JVM Version:           1.8.0_151-b12
01-Nov-2019 12:16:01.265 信息 [main] org.apache.catalina.startup.VersionLoggerListener.log JVM Vendor:            Oracle Corporation
01-Nov-2019 12:16:01.265 信息 [main] org.apache.catalina.startup.VersionLoggerListener.log CATALINA_BASE:         E:\HR-code\20190116\2019-8-9-test\apache-tomcat-8\catalina-home
01-Nov-2019 12:16:01.265 信息 [main] org.apache.catalina.startup.VersionLoggerListener.log CATALINA_HOME:         E:\HR-code\20190116\2019-8-9-test\apache-tomcat-8\catalina-home
01-Nov-2019 12:16:01.265 信息 [main] org.apache.catalina.startup.VersionLoggerListener.log Command line argument: -Dcatalina.home=catalina-home
01-Nov-2019 12:16:01.266 信息 [main] org.apache.catalina.startup.VersionLoggerListener.log Command line argument: -Dcatalina.base=catalina-home
01-Nov-2019 12:16:01.266 信息 [main] org.apache.catalina.startup.VersionLoggerListener.log Command line argument: -Djava.endorsed.dirs=catalina-home/endorsed
01-Nov-2019 12:16:01.266 信息 [main] org.apache.catalina.startup.VersionLoggerListener.log Command line argument: -Djava.io.tmpdir=catalina-home/temp
01-Nov-2019 12:16:01.266 信息 [main] org.apache.catalina.startup.VersionLoggerListener.log Command line argument: -Djava.util.logging.manager=org.apache.juli.ClassLoaderLogManager
01-Nov-2019 12:16:01.266 信息 [main] org.apache.catalina.startup.VersionLoggerListener.log Command line argument: -Djava.util.logging.config.file=catalina-home/conf/logging.properties
01-Nov-2019 12:16:01.267 信息 [main] org.apache.catalina.startup.VersionLoggerListener.log Command line argument: -javaagent:C:\Program Files\JetBrains\IntelliJ IDEA 2019.1.3\lib\idea_rt.jar=62432:C:\Program Files\JetBrains\IntelliJ IDEA 2019.1.3\bin
01-Nov-2019 12:16:01.267 信息 [main] org.apache.catalina.startup.VersionLoggerListener.log Command line argument: -Dfile.encoding=UTF-8
01-Nov-2019 12:16:01.268 信息 [main] org.apache.catalina.core.AprLifecycleListener.lifecycleEvent The APR based Apache Tomcat Native library which allows optimal performance in production environments was not found on the java.library.path: [C:\Program Files\Java\jdk1.8.0_151\bin;C:\Windows\Sun\Java\bin;C:\Windows\system32;C:\Windows;C:\Program Files (x86)\NetSarang\Xftp 6\;C:\Program Files (x86)\NetSarang\Xshell 6\;C:\ProgramData\Oracle\Java\javapath;C:\Windows\system32;C:\Windows;C:\Windows\System32\Wbem;C:\Windows\System32\WindowsPowerShell\v1.0\;C:\Program Files (x86)\Intel\Intel(R) Management Engine Components\DAL;C:\Program Files\Intel\Intel(R) Management Engine Components\DAL;E:\apache-maven-3.5.4\bin;E:\apache-maven-3.5.4\bin;C:\Program Files\TortoiseGit\bin;C:\Program Files\Git\cmd;C:\Program Files\Java\jdk1.8.0_151\bin;C:\Program Files\Java\jdk1.8.0_151\jre\bin;D:\redis\cacert.pem;E:\gradle-4.9\bin;E:\apache-ant-1.10.7\bin;C:\Program Files\nodejs\;C:\Program Files\RabbitMQ Server\rabbitmq_server-3.8.0\sbin;C:\Ruby22\bin;C:\Users\renshuaibing\AppData\Local\Microsoft\WindowsApps;C:\Program Files\nodejs\node_global;C:\Users\renshuaibing\AppData\Roaming\npm;.]
01-Nov-2019 12:16:02.141 信息 [main] org.apache.coyote.AbstractProtocol.init Initializing ProtocolHandler ["http-nio-8080"]
01-Nov-2019 12:16:02.446 信息 [main] org.apache.tomcat.util.net.NioSelectorPool.getSharedSelector Using a shared selector for servlet write/read
01-Nov-2019 12:16:02.499 信息 [main] org.apache.coyote.AbstractProtocol.init Initializing ProtocolHandler ["ajp-nio-8009"]
01-Nov-2019 12:16:02.502 信息 [main] org.apache.tomcat.util.net.NioSelectorPool.getSharedSelector Using a shared selector for servlet write/read
01-Nov-2019 12:16:02.502 信息 [main] org.apache.catalina.startup.Catalina.load Initialization processed in 4069 ms
01-Nov-2019 12:16:02.882 信息 [main] org.apache.catalina.core.StandardService.startInternal Starting service [Catalina]
01-Nov-2019 12:16:02.882 信息 [main] org.apache.catalina.core.StandardEngine.startInternal Starting Servlet Engine: Apache Tomcat/@VERSION@
01-Nov-2019 12:16:02.968 信息 [localhost-startStop-1] org.apache.catalina.startup.HostConfig.deployDirectory Deploying web application directory [E:\HR-code\20190116\2019-8-9-test\apache-tomcat-8\catalina-home\webapps\docs]
01-Nov-2019 12:16:05.856 信息 [localhost-startStop-1] org.apache.jasper.servlet.TldScanner.scanJars At least one JAR was scanned for TLDs yet contained no TLDs. Enable debug logging for this logger for a complete list of JARs that were scanned but no TLDs were found in them. Skipping unneeded JARs during scanning can improve startup time and JSP compilation time.
01-Nov-2019 12:16:06.161 信息 [localhost-startStop-1] org.apache.catalina.startup.HostConfig.deployDirectory Deployment of web application directory [E:\HR-code\20190116\2019-8-9-test\apache-tomcat-8\catalina-home\webapps\docs] has finished in [3,185] ms
01-Nov-2019 12:16:06.161 信息 [localhost-startStop-1] org.apache.catalina.startup.HostConfig.deployDirectory Deploying web application directory [E:\HR-code\20190116\2019-8-9-test\apache-tomcat-8\catalina-home\webapps\examples]
01-Nov-2019 12:16:06.904 信息 [localhost-startStop-1] org.apache.jasper.servlet.TldScanner.scanJars At least one JAR was scanned for TLDs yet contained no TLDs. Enable debug logging for this logger for a complete list of JARs that were scanned but no TLDs were found in them. Skipping unneeded JARs during scanning can improve startup time and JSP compilation time.
01-Nov-2019 12:16:06.968 严重 [localhost-startStop-1] org.apache.catalina.core.StandardContext.startInternal One or more listeners failed to start. Full details will be found in the appropriate container log file
01-Nov-2019 12:16:06.969 严重 [localhost-startStop-1] org.apache.catalina.core.StandardContext.startInternal Context [/examples] startup failed due to previous errors
01-Nov-2019 12:16:06.986 信息 [localhost-startStop-1] org.apache.catalina.startup.HostConfig.deployDirectory Deployment of web application directory [E:\HR-code\20190116\2019-8-9-test\apache-tomcat-8\catalina-home\webapps\examples] has finished in [824] ms
01-Nov-2019 12:16:06.986 信息 [localhost-startStop-1] org.apache.catalina.startup.HostConfig.deployDirectory Deploying web application directory [E:\HR-code\20190116\2019-8-9-test\apache-tomcat-8\catalina-home\webapps\host-manager]
01-Nov-2019 12:16:07.308 信息 [localhost-startStop-1] org.apache.jasper.servlet.TldScanner.scanJars At least one JAR was scanned for TLDs yet contained no TLDs. Enable debug logging for this logger for a complete list of JARs that were scanned but no TLDs were found in them. Skipping unneeded JARs during scanning can improve startup time and JSP compilation time.
01-Nov-2019 12:16:07.393 信息 [localhost-startStop-1] org.apache.catalina.startup.HostConfig.deployDirectory Deployment of web application directory [E:\HR-code\20190116\2019-8-9-test\apache-tomcat-8\catalina-home\webapps\host-manager] has finished in [407] ms
01-Nov-2019 12:16:07.393 信息 [localhost-startStop-1] org.apache.catalina.startup.HostConfig.deployDirectory Deploying web application directory [E:\HR-code\20190116\2019-8-9-test\apache-tomcat-8\catalina-home\webapps\manager]
01-Nov-2019 12:16:07.675 信息 [localhost-startStop-1] org.apache.jasper.servlet.TldScanner.scanJars At least one JAR was scanned for TLDs yet contained no TLDs. Enable debug logging for this logger for a complete list of JARs that were scanned but no TLDs were found in them. Skipping unneeded JARs during scanning can improve startup time and JSP compilation time.
01-Nov-2019 12:16:07.679 信息 [localhost-startStop-1] org.apache.catalina.startup.HostConfig.deployDirectory Deployment of web application directory [E:\HR-code\20190116\2019-8-9-test\apache-tomcat-8\catalina-home\webapps\manager] has finished in [285] ms
01-Nov-2019 12:16:07.679 信息 [localhost-startStop-1] org.apache.catalina.startup.HostConfig.deployDirectory Deploying web application directory [E:\HR-code\20190116\2019-8-9-test\apache-tomcat-8\catalina-home\webapps\ROOT]
01-Nov-2019 12:16:07.861 信息 [localhost-startStop-1] org.apache.jasper.servlet.TldScanner.scanJars At least one JAR was scanned for TLDs yet contained no TLDs. Enable debug logging for this logger for a complete list of JARs that were scanned but no TLDs were found in them. Skipping unneeded JARs during scanning can improve startup time and JSP compilation time.
01-Nov-2019 12:16:07.866 信息 [localhost-startStop-1] org.apache.catalina.startup.HostConfig.deployDirectory Deployment of web application directory [E:\HR-code\20190116\2019-8-9-test\apache-tomcat-8\catalina-home\webapps\ROOT] has finished in [186] ms
01-Nov-2019 12:16:07.888 信息 [main] org.apache.coyote.AbstractProtocol.start Starting ProtocolHandler ["http-nio-8080"]
01-Nov-2019 12:16:07.986 信息 [main] org.apache.coyote.AbstractProtocol.start Starting ProtocolHandler ["ajp-nio-8009"]
01-Nov-2019 12:16:07.991 信息 [main] org.apache.catalina.startup.Catalina.start Server startup in 5488 ms
